<?xml version="1.0" encoding="UTF-8"?>
<testsuite xmlns:xsi="http://www.w3.org/2001/XMLSchema-instance" xsi:noNamespaceSchemaLocation="https://maven.apache.org/surefire/maven-surefire-plugin/xsd/surefire-test-report.xsd" name="com.vtx.bootcamp.CalculatorTest" time="0.399" tests="2" errors="0" skipped="0" failures="0">
  <properties>
[...]
</properties>
  <testcase name="testAdd" classname="com.vtx.bootcamp.CalculatorTest" time="0.392"/>
  <testcase name="testOther" classname="com.vtx.bootcamp.CalculatorTest" time="0"/>
</testsuite>